-------------------------------------------------------------------------------
Test set: com.said.wix.usersjpa.ApplicationTests
-------------------------------------------------------------------------------
Tests run: 1, Failures: 0, Errors: 1, Skipped: 0, Time elapsed: 3.606 s <<< FAILURE! - in com.said.wix.usersjpa.ApplicationTests
contextLoads  Time elapsed: 0.011 s  <<< ERROR!
java.lang.IllegalStateException: Failed to load ApplicationContext
Caused by: org.springframework.beans.factory.BeanCreationException: Error creating bean with name 'entityManagerFactory' defined in class path resource [org/springframework/boot/autoconfigure/orm/jpa/HibernateJpaConfiguration.class]: Invocation of init method failed; nested exception is org.hibernate.AnnotationException: @OneToOne or @ManyToOne on com.said.wix.usersjpa.entities.User.profile references an unknown entity: java.lang.String
Caused by: org.hibernate.AnnotationException: @OneToOne or @ManyToOne on com.said.wix.usersjpa.entities.User.profile references an unknown entity: java.lang.String

